<?xml version="1.0" encoding="UTF-8"?>
<!-- Generated by org.testng.reporters.JUnitReportReporter -->
<testsuite hostname="DINESHMURUGAIN" failures="0" tests="2" name="com.runner.Test_Runnersss" time="42.353" errors="0" timestamp="2023-05-04T18:18:46 IST" skipped="0">
  <testcase classname="com.runner.Test_Runnersss" name="runScenario" time="16.185"/>
  <system-out/>
  <testcase classname="com.runner.Test_Runnersss" name="runScenario" time="26.168"/>
  <system-out/>
</testsuite> <!-- com.runner.Test_Runnersss -->
