<?xml version="1.0" encoding="UTF-8"?>
<!-- Generated by org.testng.reporters.JUnitReportReporter -->
<testsuite hostname="DINESHMURUGAIN" failures="0" tests="1" name="dataprivder.ExcelReader" time="2.919" errors="0" timestamp="2024-04-13T10:54:25 IST" skipped="0">
  <testcase classname="dataprivder.ExcelReader" name="hai" time="2.919"/>
  <system-out/>
</testsuite> <!-- dataprivder.ExcelReader -->
