<?xml version="1.0" encoding="UTF-8"?>
<!-- Generated by org.testng.reporters.JUnitReportReporter -->
<testsuite hostname="DINESHMURUGAIN" failures="0" tests="1" name="com.dataprivder.Read_ex" time="3.119" errors="0" timestamp="2024-03-17T08:33:01 IST" skipped="0">
  <testcase classname="com.dataprivder.Read_ex" name="ssj" time="3.119"/>
  <system-out/>
</testsuite> <!-- com.dataprivder.Read_ex -->
