<?xml version="1.0" encoding="UTF-8"?>
<!-- Generated by org.testng.reporters.JUnitReportReporter -->
<testsuite hostname="DINESHMURUGAIN" failures="0" tests="5" name="com.runner.Test_Runnersss" time="60.774" errors="0" timestamp="2024-03-17T19:26:16 IST" skipped="0">
  <testcase classname="com.runner.Test_Runnersss" name="runScenario" time="16.882"/>
  <system-out/>
  <testcase classname="com.runner.Test_Runnersss" name="runScenario" time="8.286"/>
  <system-out/>
  <testcase classname="com.runner.Test_Runnersss" name="runScenario" time="8.587"/>
  <system-out/>
  <testcase classname="com.runner.Test_Runnersss" name="runScenario" time="18.112"/>
  <system-out/>
  <testcase classname="com.runner.Test_Runnersss" name="runScenario" time="8.907"/>
  <system-out/>
</testsuite> <!-- com.runner.Test_Runnersss -->
