<?xml version="1.0" encoding="UTF-8"?>
<!-- Generated by org.testng.reporters.JUnitReportReporter -->
<testsuite hostname="DINESHMURUGAIN" failures="0" tests="1" name="runners.Cucumber_Runner" time="24.623" errors="0" timestamp="2024-04-03T11:24:50 IST" skipped="0">
  <testcase classname="runners.Cucumber_Runner" name="runScenario" time="24.623"/>
  <system-out/>
</testsuite> <!-- runners.Cucumber_Runner -->
